0 info it worked if it ends with ok
1 verbose cli [ 'C:\\ProgramData\\App-V\\3794731E-0F6E-4F15-99FE-E9BF07C073AB\\0B96D9E6-E9C0-40C2-BE4C-BC0E930D936A\\Root\\VFS\\ProgramFilesX64\\nodejs\\node.exe',
1 verbose cli   'C:\\Program Files\\nodejs\\node_modules\\npm\\bin\\npm-cli.js',
1 verbose cli   'install',
1 verbose cli   'felixge/node-mysql' ]
2 info using npm@3.3.12
3 info using node@v5.3.0
4 silly loadCurrentTree Starting
5 silly install loadCurrentTree
6 silly install readLocalPackageData
7 silly fetchPackageMetaData felixge/node-mysql
8 silly fetchOtherPackageData felixge/node-mysql
9 silly cache add args [ 'felixge/node-mysql', null ]
10 verbose cache add spec felixge/node-mysql
11 silly cache add parsed spec Result {
11 silly cache add   raw: 'felixge/node-mysql',
11 silly cache add   scope: null,
11 silly cache add   name: null,
11 silly cache add   rawSpec: 'felixge/node-mysql',
11 silly cache add   spec: 'github:felixge/node-mysql',
11 silly cache add   type: 'hosted',
11 silly cache add   hosted:
11 silly cache add    { type: 'github',
11 silly cache add      ssh: 'git@github.com:felixge/node-mysql.git',
11 silly cache add      sshUrl: 'git+ssh://git@github.com/felixge/node-mysql.git',
11 silly cache add      httpsUrl: 'git+https://github.com/felixge/node-mysql.git',
11 silly cache add      gitUrl: 'git://github.com/felixge/node-mysql.git',
11 silly cache add      shortcut: 'github:felixge/node-mysql',
11 silly cache add      directUrl: 'https://raw.githubusercontent.com/felixge/node-mysql/master/package.json' } }
12 verbose addRemoteGit caching felixge/node-mysql
13 verbose addRemoteGit felixge/node-mysql is a repository hosted by github
14 silly tryGitProto attempting to clone git://github.com/felixge/node-mysql.git
15 silly tryClone cloning felixge/node-mysql via git://github.com/felixge/node-mysql.git
16 verbose tryClone git-github-com-felixge-node-mysql-git-dc9531aca6015a01e3869408854fa39a not in flight; caching
17 verbose makeDirectory C:\Users\zih0029\AppData\Roaming\npm-cache\_git-remotes creation not in flight; initializing
18 verbose makeCacheDir UID & GID are irrelevant on win32
19 verbose git clone --template=C:\Users\zih0029\AppData\Roaming\npm-cache\_git-remotes\_templates --mirror git://github.com/felixge/node-mysql.git C:\Users\zih0029\AppData\Roaming\npm-cache\_git-remotes\git-github-com-felixge-node-mysql-git-dc9531aca6015a01e3869408854fa39a: undefined
19 verbose git clone --template=C:\Users\zih0029\AppData\Roaming\npm-cache\_git-remotes\_templates --mirror git://github.com/felixge/node-mysql.git C:\Users\zih0029\AppData\Roaming\npm-cache\_git-remotes\git-github-com-felixge-node-mysql-git-dc9531aca6015a01e3869408854fa39a: undefined
20 silly tryHTTPS attempting to clone git+https://github.com/felixge/node-mysql.git
21 silly tryClone cloning felixge/node-mysql via git+https://github.com/felixge/node-mysql.git
22 verbose tryClone git-https-github-com-felixge-node-mysql-git-5a906e292078d71ad9a1857d26078bef not in flight; caching
23 verbose git clone --template=C:\Users\zih0029\AppData\Roaming\npm-cache\_git-remotes\_templates --mirror https://github.com/felixge/node-mysql.git C:\Users\zih0029\AppData\Roaming\npm-cache\_git-remotes\git-https-github-com-felixge-node-mysql-git-5a906e292078d71ad9a1857d26078bef: undefined
23 verbose git clone --template=C:\Users\zih0029\AppData\Roaming\npm-cache\_git-remotes\_templates --mirror https://github.com/felixge/node-mysql.git C:\Users\zih0029\AppData\Roaming\npm-cache\_git-remotes\git-https-github-com-felixge-node-mysql-git-5a906e292078d71ad9a1857d26078bef: undefined
24 silly trySSH attempting to clone git@github.com:felixge/node-mysql.git
25 silly tryClone cloning felixge/node-mysql via git@github.com:felixge/node-mysql.git
26 verbose tryClone git-github-com-felixge-node-mysql-git-d02c1571a0428c4d7486dcb5c45dba72 not in flight; caching
27 error git clone --template=C:\Users\zih0029\AppData\Roaming\npm-cache\_git-remotes\_templates --mirror git@github.com:felixge/node-mysql.git C:\Users\zih0029\AppData\Roaming\npm-cache\_git-remotes\git-github-com-felixge-node-mysql-git-d02c1571a0428c4d7486dcb5c45dba72: undefined
27 error git clone --template=C:\Users\zih0029\AppData\Roaming\npm-cache\_git-remotes\_templates --mirror git@github.com:felixge/node-mysql.git C:\Users\zih0029\AppData\Roaming\npm-cache\_git-remotes\git-github-com-felixge-node-mysql-git-d02c1571a0428c4d7486dcb5c45dba72: undefined
28 silly fetchPackageMetaData Error: not found: git
28 silly fetchPackageMetaData     at F (C:\Program Files\nodejs\node_modules\npm\node_modules\which\which.js:78:19)
28 silly fetchPackageMetaData     at E (C:\Program Files\nodejs\node_modules\npm\node_modules\which\which.js:82:29)
28 silly fetchPackageMetaData     at C:\Program Files\nodejs\node_modules\npm\node_modules\which\which.js:93:16
28 silly fetchPackageMetaData     at FSReqWrap.oncomplete (fs.js:82:15)
28 silly fetchPackageMetaData  error for felixge/node-mysql { [Error: not found: git] code: 'ENOGIT' }
29 silly rollbackFailedOptional Starting
30 silly rollbackFailedOptional Finishing
31 silly runTopLevelLifecycles Starting
32 silly runTopLevelLifecycles Finishing
33 silly install printInstalled
34 verbose stack Error: not found: git
34 verbose stack     at F (C:\Program Files\nodejs\node_modules\npm\node_modules\which\which.js:78:19)
34 verbose stack     at E (C:\Program Files\nodejs\node_modules\npm\node_modules\which\which.js:82:29)
34 verbose stack     at C:\Program Files\nodejs\node_modules\npm\node_modules\which\which.js:93:16
34 verbose stack     at FSReqWrap.oncomplete (fs.js:82:15)
35 verbose cwd H:\backEndV0.6
36 error Windows_NT 6.1.7601
37 error argv "C:\\ProgramData\\App-V\\3794731E-0F6E-4F15-99FE-E9BF07C073AB\\0B96D9E6-E9C0-40C2-BE4C-BC0E930D936A\\Root\\VFS\\ProgramFilesX64\\nodejs\\node.exe" "C:\\Program Files\\nodejs\\node_modules\\npm\\bin\\npm-cli.js" "install" "felixge/node-mysql"
38 error node v5.3.0
39 error npm  v3.3.12
40 error code ENOGIT
41 error not found: git
42 error Failed using git.
42 error This is most likely not a problem with npm itself.
42 error Please check if you have git installed and in your PATH.
43 verbose exit [ 1, true ]
